<?xml version="1.0" encoding="utf-8"?><testsuites name="pytest tests"><testsuite name="pytest" errors="0" failures="0" skipped="1" tests="7" time="10.369" timestamp="2026-05-07T08:57:12.432551+00:00" hostname="agent-env-5a6e76ee-59a6-4b90-84a8-71e4a38ca644"><testcase classname="backend.tests.test_iteration3.TestBlueprintParse" name="test_parse_pdf_returns_config" time="8.535" /><testcase classname="backend.tests.test_iteration3.TestBlueprintParse" name="test_parse_invalid_pdf_400" time="0.129" /><testcase classname="backend.tests.test_iteration3.TestZoneProvision" name="test_provision_creates_locations_and_idempotency" time="0.104"><skipped type="pytest.skip" message="AMBIENT no longer a placeholder; skipping provision test">/app/backend/tests/test_iteration3.py:93: AMBIENT no longer a placeholder; skipping provision test</skipped></testcase><testcase classname="backend.tests.test_iteration3.TestFEFOPallets" name="test_pallets_sorted_by_expiry" time="0.237" /><testcase classname="backend.tests.test_iteration3.TestLaneContentsTraceability" name="test_lane_contents_has_batch_expiry" time="0.246" /><testcase classname="backend.tests.test_iteration3.TestInboundTraceabilityAndGRN" name="test_inbound_persist_and_grn" time="0.728" /><testcase classname="backend.tests.test_iteration3.TestOutboundPickList" name="test_picklist_fefo_order" time="0.305" /></testsuite></testsuites>