<?xml version="1.0" encoding="utf-8"?><testsuites name="pytest tests"><testsuite name="pytest" errors="0" failures="0" skipped="0" tests="23" time="22.217" timestamp="2026-05-07T06:31:07.181348+00:00" hostname="agent-env-5a6e76ee-59a6-4b90-84a8-71e4a38ca644"><testcase classname="backend.tests.backend_test.TestAuth" name="test_login_admin" time="0.438" /><testcase classname="backend.tests.backend_test.TestAuth" name="test_login_manager" time="0.338" /><testcase classname="backend.tests.backend_test.TestAuth" name="test_login_operator" time="0.359" /><testcase classname="backend.tests.backend_test.TestAuth" name="test_login_invalid" time="0.162" /><testcase classname="backend.tests.backend_test.TestAuth" name="test_me" time="0.177" /><testcase classname="backend.tests.backend_test.TestAuth" name="test_me_no_token" time="0.105" /><testcase classname="backend.tests.backend_test.TestDashboard" name="test_summary" time="0.130" /><testcase classname="backend.tests.backend_test.TestDashboard" name="test_movements_trend" time="0.124" /><testcase classname="backend.tests.backend_test.TestInventory" name="test_list_skus" time="0.122" /><testcase classname="backend.tests.backend_test.TestInventory" name="test_create_sku_admin" time="0.486" /><testcase classname="backend.tests.backend_test.TestInventory" name="test_create_sku_operator_forbidden" time="0.107" /><testcase classname="backend.tests.backend_test.TestInventory" name="test_delete_sku_manager_forbidden" time="0.470" /><testcase classname="backend.tests.backend_test.TestStorage" name="test_locations_count" time="0.158" /><testcase classname="backend.tests.backend_test.TestStorage" name="test_zones_structure" time="0.109" /><testcase classname="backend.tests.backend_test.TestStorage" name="test_lanes_cold1" time="0.128" /><testcase classname="backend.tests.backend_test.TestStorage" name="test_lanes_filter_other_zone" time="0.104" /><testcase classname="backend.tests.backend_test.TestInbound" name="test_list" time="0.112" /><testcase classname="backend.tests.backend_test.TestInbound" name="test_create_and_receive" time="0.697" /><testcase classname="backend.tests.backend_test.TestOutbound" name="test_list" time="0.116" /><testcase classname="backend.tests.backend_test.TestOutbound" name="test_create_and_advance" time="0.531" /><testcase classname="backend.tests.backend_test.TestReports" name="test_top_skus" time="0.101" /><testcase classname="backend.tests.backend_test.TestReports" name="test_category" time="0.140" /><testcase classname="backend.tests.backend_test.TestReports" name="test_ai_insights" time="16.809" /></testsuite></testsuites>