<?xml version="1.0" encoding="utf-8"?><testsuites name="pytest tests"><testsuite name="pytest" errors="0" failures="0" skipped="0" tests="21" time="20.114" timestamp="2026-04-30T12:55:38.124848+00:00" hostname="agent-env-5a6e76ee-59a6-4b90-84a8-71e4a38ca644"><testcase classname="backend.tests.backend_test.TestAuth" name="test_login_admin" time="0.520" /><testcase classname="backend.tests.backend_test.TestAuth" name="test_login_manager" time="0.398" /><testcase classname="backend.tests.backend_test.TestAuth" name="test_login_operator" time="0.398" /><testcase classname="backend.tests.backend_test.TestAuth" name="test_login_invalid" time="0.138" /><testcase classname="backend.tests.backend_test.TestAuth" name="test_me" time="0.147" /><testcase classname="backend.tests.backend_test.TestAuth" name="test_me_no_token" time="0.129" /><testcase classname="backend.tests.backend_test.TestDashboard" name="test_summary" time="0.136" /><testcase classname="backend.tests.backend_test.TestDashboard" name="test_movements_trend" time="0.135" /><testcase classname="backend.tests.backend_test.TestInventory" name="test_list_skus" time="0.144" /><testcase classname="backend.tests.backend_test.TestInventory" name="test_create_sku_admin" time="0.553" /><testcase classname="backend.tests.backend_test.TestInventory" name="test_create_sku_operator_forbidden" time="0.115" /><testcase classname="backend.tests.backend_test.TestInventory" name="test_delete_sku_manager_forbidden" time="0.424" /><testcase classname="backend.tests.backend_test.TestStorage" name="test_locations" time="0.111" /><testcase classname="backend.tests.backend_test.TestStorage" name="test_zones" time="0.122" /><testcase classname="backend.tests.backend_test.TestInbound" name="test_list" time="0.114" /><testcase classname="backend.tests.backend_test.TestInbound" name="test_create_and_receive" time="0.703" /><testcase classname="backend.tests.backend_test.TestOutbound" name="test_list" time="0.107" /><testcase classname="backend.tests.backend_test.TestOutbound" name="test_create_and_advance" time="0.617" /><testcase classname="backend.tests.backend_test.TestReports" name="test_top_skus" time="0.165" /><testcase classname="backend.tests.backend_test.TestReports" name="test_category" time="0.195" /><testcase classname="backend.tests.backend_test.TestReports" name="test_ai_insights" time="14.547" /></testsuite></testsuites>